[INFO] Scanning for projects...
[INFO] 
[INFO] -------------------< com.project:healthcare-backend >-------------------
[INFO] Building  0.0.1-SNAPSHOT
[INFO]   from pom.xml
[INFO] --------------------------------[ jar ]---------------------------------
[INFO] 
[INFO] >>> spring-boot:4.0.5:run (default-cli) > test-compile @ healthcare-backend >>>
[INFO] 
[INFO] --- resources:3.3.1:resources (default-resources) @ healthcare-backend ---
[INFO] Copying 1 resource from src\main\resources to target\classes
[INFO] Copying 0 resource from src\main\resources to target\classes
[INFO] 
[INFO] --- compiler:3.14.1:compile (default-compile) @ healthcare-backend ---
[INFO] Nothing to compile - all classes are up to date.
[INFO] 
[INFO] --- resources:3.3.1:testResources (default-testResources) @ healthcare-backend ---
[INFO] skip non existing resourceDirectory C:\Users\balkr\Downloads\healthcare-backend\healthcare-backend\src\test\resources
[INFO] 
[INFO] --- compiler:3.14.1:testCompile (default-testCompile) @ healthcare-backend ---
[INFO] Nothing to compile - all classes are up to date.
[INFO] 
[INFO] <<< spring-boot:4.0.5:run (default-cli) < test-compile @ healthcare-backend <<<
[INFO] 
[INFO] 
[INFO] --- spring-boot:4.0.5:run (default-cli) @ healthcare-backend ---
[INFO] Attaching agents: []

  .   ____          _            __ _ _
 /\\ / ___'_ __ _ _(_)_ __  __ _ \ \ \ \
( ( )\___ | '_ | '_| | '_ \/ _` | \ \ \ \
 \\/  ___)| |_)| | | | | || (_| |  ) ) ) )
  '  |____| .__|_| |_|_| |_\__, | / / / /
 =========|_|==============|___/=/_/_/_/

 :: Spring Boot ::                (v4.0.5)

2026-04-08T09:46:32.367+05:30  INFO 1052 --- [healthcare-backend] [           main] c.p.h.HealthcareBackendApplication       : Starting HealthcareBackendApplication using Java 24 with PID 1052 (C:\Users\balkr\Downloads\healthcare-backend\healthcare-backend\target\classes started by VARUN OJHA in C:\Users\balkr\Downloads\healthcare-backend\healthcare-backend)
2026-04-08T09:46:32.378+05:30  INFO 1052 --- [healthcare-backend] [           main] c.p.h.HealthcareBackendApplication       : No active profile set, falling back to 1 default profile: "default"
2026-04-08T09:46:35.450+05:30  INFO 1052 --- [healthcare-backend] [           main] .s.d.r.c.RepositoryConfigurationDelegate : Bootstrapping Spring Data JPA repositories in DEFAULT mode.
2026-04-08T09:46:35.502+05:30  INFO 1052 --- [healthcare-backend] [           main] .s.d.r.c.RepositoryConfigurationDelegate : Finished Spring Data repository scanning in 28 ms. Found 0 JPA repository interfaces.
2026-04-08T09:46:36.797+05:30  INFO 1052 --- [healthcare-backend] [           main] o.s.boot.tomcat.TomcatWebServer          : Tomcat initialized with port 8080 (http)
2026-04-08T09:46:36.849+05:30  INFO 1052 --- [healthcare-backend] [           main] o.apache.catalina.core.StandardService   : Starting service [Tomcat]
2026-04-08T09:46:36.851+05:30  INFO 1052 --- [healthcare-backend] [           main] o.apache.catalina.core.StandardEngine    : Starting Servlet engine: [Apache Tomcat/11.0.20]
2026-04-08T09:46:37.014+05:30  INFO 1052 --- [healthcare-backend] [           main] b.w.c.s.WebApplicationContextInitializer : Root WebApplicationContext: initialization completed in 4095 ms
2026-04-08T09:46:37.219+05:30  WARN 1052 --- [healthcare-backend] [           main] ConfigServletWebServerApplicationContext : Exception encountered during context initialization - cancelling refresh attempt: org.springframework.beans.factory.BeanCreationException: Error creating bean with name 'entityManagerFactory' defined in class path resource [org/springframework/boot/hibernate/autoconfigure/HibernateJpaConfiguration.class]: Failed to initialize dependency 'dataSourceScriptDatabaseInitializer' of LoadTimeWeaverAware bean 'entityManagerFactory': Error creating bean with name 'dataSourceScriptDatabaseInitializer' defined in class path resource [org/springframework/boot/jdbc/autoconfigure/DataSourceInitializationAutoConfiguration.class]: Unsatisfied dependency expressed through method 'dataSourceScriptDatabaseInitializer' parameter 0: Error creating bean with name 'dataSource' defined in class path resource [org/springframework/boot/jdbc/autoconfigure/DataSourceConfiguration$Hikari.class]: Failed to instantiate [com.zaxxer.hikari.HikariDataSource]: Factory method 'dataSource' threw exception with message: Failed to determine a suitable driver class
2026-04-08T09:46:37.229+05:30  INFO 1052 --- [healthcare-backend] [           main] o.apache.catalina.core.StandardService   : Stopping service [Tomcat]
2026-04-08T09:46:37.249+05:30  INFO 1052 --- [healthcare-backend] [           main] .s.b.a.l.ConditionEvaluationReportLogger : 

Error starting ApplicationContext. To display the condition evaluation report re-run your application with 'debug' enabled.
2026-04-08T09:46:37.292+05:30 ERROR 1052 --- [healthcare-backend] [           main] o.s.b.d.LoggingFailureAnalysisReporter   : 

***************************
APPLICATION FAILED TO START
***************************

Description:

Failed to configure a DataSource: 'url' attribute is not specified and no embedded datasource could be configured.

Reason: Failed to determine a suitable driver class


Action:

Consider the following:
	If you want an embedded database (H2, HSQL or Derby), please put it on the classpath.
	If you have database settings to be loaded from a particular profile you may need to activate it (no profiles are currently active).

[INFO] ------------------------------------------------------------------------
[INFO] BUILD FAILURE
[INFO] ------------------------------------------------------------------------
[INFO] Total time:  22.057 s
[INFO] Finished at: 2026-04-08T09:46:37+05:30
[INFO] ------------------------------------------------------------------------
[ERROR] Failed to execute goal org.springframework.boot:spring-boot-maven-plugin:4.0.5:run (default-cli) on project healthcare-backend: Process terminated with exit code: 1 -> [Help 1]
[ERROR] 
[ERROR] To see the full stack trace of the errors, re-run Maven with the -e switch.
[ERROR] Re-run Maven using the -X switch to enable full debug logging.
[ERROR] 
[ERROR] For more information about the errors and possible solutions, please read the following articles:
[ERROR] [Help 1] http://cwiki.apache.org/confluence/display/MAVEN/MojoExecutionException
